<?xml version="1.0" encoding="UTF-8"?>
<testng-results skipped="0" failed="0" ignored="0" total="1" passed="1">
  <reporter-output>
  </reporter-output>
  <suite name="Default suite" duration-ms="34231" started-at="2020-09-18T12:03:09 PDT" finished-at="2020-09-18T12:03:43 PDT">
    <groups>
    </groups>
    <test name="Default test" duration-ms="34231" started-at="2020-09-18T12:03:09 PDT" finished-at="2020-09-18T12:03:43 PDT">
      <class name="com.testcases.TestCase">
        <test-method status="PASS" signature="basicTest()[pri:0, instance:com.testcases.TestCase@7a3d45bd]" name="basicTest" duration-ms="34165" started-at="2020-09-18T12:03:09 PDT" finished-at="2020-09-18T12:03:43 PDT">
          <reporter-output>
          </reporter-output>
        </test-method> <!-- basicTest -->
      </class> <!-- com.testcases.TestCase -->
    </test> <!-- Default test -->
  </suite> <!-- Default suite -->
</testng-results>
